
Enter Number: 10

Enter Number: 1

Enter Number: 2

Enter Number: 3

Enter Number: 4

Enter Number: 5

Enter Number: 7
MAX = 10

(c) 2018, jtoussaint Jonas Toussaint 


-- program is finished running --


Enter Number: 0

Enter Number: 1

Enter Number: -8

Enter Number: -12

Enter Number: 5

Enter Number: 2

Enter Number: 80
MAX = 80

(c) 2018, jtoussaint Jonas Toussaint 


-- program is finished running --


Enter Number: 8

Enter Number: 13

Enter Number: 1

Enter Number: 15

Enter Number: 14

Enter Number: 0

Enter Number: 2
MAX = 15

(c) 2018, jtoussaint Jonas Toussaint 


-- program is finished running --


Enter Number: 6

Enter Number: 6

Enter Number: 6

Enter Number: 6

Enter Number: 6

Enter Number: 6

Enter Number: 6
MAX = 6

(c) 2018, jtoussaint Jonas Toussaint 


-- program is finished running --


Enter Number: 98

Enter Number: 87

Enter Number: 76

Enter Number: 65

Enter Number: 54

Enter Number: 43

Enter Number: 32
MAX = 98

(c) 2018, jtoussaint Jonas Toussaint 


-- program is finished running --


Enter Number: 0

Enter Number: 3

Enter Number: 6

Enter Number: 9

Enter Number: 7

Enter Number: 4

Enter Number: 2
MAX = 9

(c) 2018, jtoussaint Jonas Toussaint 


-- program is finished running --

