
Enter Number X 12
Enter Number Y 45


(c) 2018, jtoussaint Jonas Toussaint 


-- program is finished running --


Enter ID: 1234
Enter Hours Earned: 34
ID 1234 has earned 34 credit hours.
1234 is a  SOPHMORE


(c) 2018, jtoussaint Jonas Toussaint 


-- program is finished running --


Enter Number X 12
Enter Number Y 9
12 GREATER THAN 9


(c) 2018, jtoussaint Jonas Toussaint 


-- program is finished running --


Enter Number X 4
Enter Number Y 89
4

(c) 2018, jtoussaint Jonas Toussaint 


-- program is finished running --


Enter Number X 40
Enter Number Y 20
20 GREATER THAN 
40 BEFORE 20


(c) 2018, jtoussaint Jonas Toussaint 


-- program is finished running --


Enter Number X 20
Enter Number Y 4
4 GREATER THAN 
20 BEFORE 4


(c) 2018, jtoussaint Jonas Toussaint 


-- program is finished running --


Enter Number X 40
Enter Number Y 30
30 GREATER THAN 
40 BEFORE 30


(c) 2018, jtoussaint Jonas Toussaint 


-- program is finished running --


Enter Number X 40
Enter Number Y 30
30 GREATER THAN 
40 BEFORE 30


(c) 2018, jtoussaint Jonas Toussaint 


-- program is finished running --


Enter Number X 40
Enter Number Y 30
30 GREATER THAN 
40 BEFORE 30


(c) 2018, jtoussaint Jonas Toussaint 


-- program is finished running --


Enter Number X 40
Enter Number Y 30
40 GREATER THAN 30


(c) 2018, jtoussaint Jonas Toussaint 


-- program is finished running --


Enter Number X 40
Enter Number Y 30
30 GREATER THAN 
40 BEFORE 30


(c) 2018, jtoussaint Jonas Toussaint 


-- program is finished running --


Enter Number X 40
Enter Number Y 30
40 GREATER THAN 30


(c) 2018, jtoussaint Jonas Toussaint 


-- program is finished running --


Enter Number X 3
Enter Number Y 40
3 BEFORE 40


(c) 2018, jtoussaint Jonas Toussaint 


-- program is finished running --


Enter Number X 3
Enter Number Y 40
3 BEFORE 40


(c) 2018, jtoussaint Jonas Toussaint 


-- program is finished running --


Enter Number X 40
Enter Number Y 40
40 EQUALS 40


(c) 2018, jtoussaint Jonas Toussaint 


-- program is finished running --


Enter Number X 40
Enter Number Y 67
40 BEFORE 67
40 EQUALS 67


(c) 2018, jtoussaint Jonas Toussaint 


-- program is finished running --


Enter Number X 40
Enter Number Y 67
40 BEFORE 67


(c) 2018, jtoussaint Jonas Toussaint 


-- program is finished running --


Enter Number X 40
Enter Number Y 40
40 EQUALS 40


(c) 2018, jtoussaint Jonas Toussaint 


-- program is finished running --


Enter Number X 3
Enter Number Y 3
3 EQUALS 3


(c) 2018, jtoussaint Jonas Toussaint 


-- program is finished running --


Enter Number X 3
Enter Number Y 9
3 BEFORE 9


(c) 2018, jtoussaint Jonas Toussaint 


-- program is finished running --


Enter Number X 12
Enter Number Y 13
12 BEFORE 13


(c) 2018, jtoussaint Jonas Toussaint 


-- program is finished running --


Enter Number X 40
Enter Number Y 6
40 GREATER THAN 6


(c) 2018, jtoussaint Jonas Toussaint 


-- program is finished running --


Enter Number X -9 
Enter Number Y -555
-555 LESS THAN 4
-9 EQUALS -555


(c) 2018, jtoussaint Jonas Toussaint 


-- program is finished running --


Enter Number X 47
Enter Number Y -15
47 GREATER THAN -15


(c) 2018, jtoussaint Jonas Toussaint 


-- program is finished running --


Enter Number X -12487
Enter Number Y -782821
-782821 LESS THAN 4
-12487 EQUALS -782821


(c) 2018, jtoussaint Jonas Toussaint 


-- program is finished running --


Enter Number X 2
Enter Number Y 0
2 GREATER THAN 0


(c) 2018, jtoussaint Jonas Toussaint 


-- program is finished running --


Enter Number X -12487
Enter Number Y -782821
-782821 LESS THAN 4


(c) 2018, jtoussaint Jonas Toussaint 


-- program is finished running --


Enter Number X 2
Enter Number Y d

Enter Number X 4
Enter Number Y 8
4 BEFORE 8


(c) 2018, jtoussaint Jonas Toussaint 


-- program is finished running --


Enter Number X 47
Enter Number Y -15
47 GREATER THAN -15


(c) 2018, jtoussaint Jonas Toussaint 


-- program is finished running --


Enter Number X -12487
Enter Number Y -782821
-782821 LESS THAN 4


(c) 2018, jtoussaint Jonas Toussaint 


-- program is finished running --


Enter Number X 2
Enter Number Y -5
2 GREATER THAN -5


(c) 2018, jtoussaint Jonas Toussaint 


-- program is finished running --


Enter Number X 5326
Enter Number Y 6235
5326 BEFORE 6235


(c) 2018, jtoussaint Jonas Toussaint 


-- program is finished running --

