56


X = 20
Y = 17
D = 56
R = 17
Q = 0

(c) 2018, jtoussaint Jonas Toussaint 


-- program is finished running --

100


X = 20
Y = 17
D = 100
R = 17
Q = 0

(c) 2018, jtoussaint Jonas Toussaint 


-- program is finished running --

25


X = 20
Y = 17
D = 25
R = 17
Q = 0

(c) 2018, jtoussaint Jonas Toussaint 


-- program is finished running --

100


X = 20
Y = 17
D = 100
R = 17
Q = 0

(c) 2018, jtoussaint Jonas Toussaint 


-- program is finished running --

23


X = 20
Y = 17
D = 23
R = 17
Q = 0

(c) 2018, jtoussaint Jonas Toussaint 


-- program is finished running --

100


X = 20
Y = 17
D = 100
R = 0
Q = 0

(c) 2018, jtoussaint Jonas Toussaint 


-- program is finished running --

23


X = 20
Y = 17
D = 23
R = 0
Q = 0

(c) 2018, jtoussaint Jonas Toussaint 


-- program is finished running --

9


X = 20
Y = 17
D = 9
R = 1
Q = 2

(c) 2018, jtoussaint Jonas Toussaint 


-- program is finished running --

100


X = 20
Y = 17
D = 100
Q = 0
R = 0

(c) 2018, jtoussaint Jonas Toussaint 


-- program is finished running --

100


X = 20
Y = 17
D = 100
Q = 5
R = 0

(c) 2018, jtoussaint Jonas Toussaint 


-- program is finished running --

4


X = 20
Y = 17
D = 4
Q = 0
R = 5

(c) 2018, jtoussaint Jonas Toussaint 


-- program is finished running --

12


X = 20
Y = 17
D = 12
Q = 0
R = 1

(c) 2018, jtoussaint Jonas Toussaint 


-- program is finished running --

20


X = 20
Y = 17
D = 20
Q = 1
R = 1

(c) 2018, jtoussaint Jonas Toussaint 


-- program is finished running --

1


X = 20
Y = 17
D = 1
Q = 0
R = 20

(c) 2018, jtoussaint Jonas Toussaint 


-- program is finished running --

